<?xml version="1.0" encoding="UTF-8"?>
<!-- Generated by org.testng.reporters.JUnitXMLReporter -->
<testsuite ignored="0" hostname="DESKTOP-97OTT1C" failures="0" tests="6" name="Default test" time="2.949" errors="0" timestamp="2026-02-02T15:01:47 IST">
  <testcase classname="files.DynamicJson" name="addBook" time="1.687"/>
  <testcase classname="files.DynamicJson" name="addBook" time="0.267"/>
  <testcase classname="files.DynamicJson" name="addBook" time="0.236"/>
  <testcase classname="files.DynamicJson" name="deleteBook" time="0.243"/>
  <testcase classname="files.DynamicJson" name="deleteBook" time="0.232"/>
  <testcase classname="files.DynamicJson" name="deleteBook" time="0.241"/>
</testsuite> <!-- Default test -->
