<?xml version="1.0" encoding="UTF-8"?>
<testng-results ignored="0" total="1" passed="1" failed="0" skipped="0">
  <reporter-output>
  </reporter-output>
  <suite started-at="2026-01-29T18:30:16 IST" name="Default suite" finished-at="2026-01-29T18:30:16 IST" duration-ms="970">
    <groups>
    </groups>
    <test started-at="2026-01-29T18:30:16 IST" name="Default test" finished-at="2026-01-29T18:30:16 IST" duration-ms="970">
      <class name="API.RestAutomation.SumValidation">
        <test-method signature="sumOfCourses()[pri:0, instance:API.RestAutomation.SumValidation@c8c12ac]" started-at="2026-01-29T18:30:16 IST" name="sumOfCourses" finished-at="2026-01-29T18:30:16 IST" duration-ms="937" status="PASS">
          <reporter-output>
          </reporter-output>
        </test-method> <!-- sumOfCourses -->
      </class> <!-- API.RestAutomation.SumValidation -->
    </test> <!-- Default test -->
  </suite> <!-- Default suite -->
</testng-results>
