<?xml version="1.0" encoding="UTF-8"?>
<testng-results ignored="0" total="6" passed="6" failed="0" skipped="0">
  <reporter-output>
  </reporter-output>
  <suite started-at="2026-02-02T15:01:44 IST" name="Default suite" finished-at="2026-02-02T15:01:47 IST" duration-ms="2949">
    <groups>
    </groups>
    <test started-at="2026-02-02T15:01:44 IST" name="Default test" finished-at="2026-02-02T15:01:47 IST" duration-ms="2949">
      <class name="files.DynamicJson">
        <test-method signature="addBook(java.lang.String,java.lang.String)[pri:0, instance:files.DynamicJson@f6efaab]" started-at="2026-02-02T15:01:45 IST" name="addBook" data-provider="Booksdata" finished-at="2026-02-02T15:01:46 IST" duration-ms="1687" status="PASS">
          <params>
            <param index="0">
              <value>
                <![CDATA[tet69]]>
              </value>
            </param>
            <param index="1">
              <value>
                <![CDATA[2346]]>
              </value>
            </param>
          </params>
          <reporter-output>
          </reporter-output>
        </test-method> <!-- addBook -->
        <test-method signature="addBook(java.lang.String,java.lang.String)[pri:0, instance:files.DynamicJson@f6efaab]" started-at="2026-02-02T15:01:46 IST" name="addBook" data-provider="Booksdata" finished-at="2026-02-02T15:01:46 IST" duration-ms="267" status="PASS">
          <params>
            <param index="0">
              <value>
                <![CDATA[tesh]]>
              </value>
            </param>
            <param index="1">
              <value>
                <![CDATA[8995]]>
              </value>
            </param>
          </params>
          <reporter-output>
          </reporter-output>
        </test-method> <!-- addBook -->
        <test-method signature="addBook(java.lang.String,java.lang.String)[pri:0, instance:files.DynamicJson@f6efaab]" started-at="2026-02-02T15:01:46 IST" name="addBook" data-provider="Booksdata" finished-at="2026-02-02T15:01:47 IST" duration-ms="236" status="PASS">
          <params>
            <param index="0">
              <value>
                <![CDATA[hh77k]]>
              </value>
            </param>
            <param index="1">
              <value>
                <![CDATA[97607]]>
              </value>
            </param>
          </params>
          <reporter-output>
          </reporter-output>
        </test-method> <!-- addBook -->
        <test-method signature="deleteBook(java.lang.String,java.lang.String)[pri:0, instance:files.DynamicJson@f6efaab]" started-at="2026-02-02T15:01:47 IST" name="deleteBook" data-provider="Booksdata" finished-at="2026-02-02T15:01:47 IST" duration-ms="243" status="PASS">
          <params>
            <param index="0">
              <value>
                <![CDATA[tet69]]>
              </value>
            </param>
            <param index="1">
              <value>
                <![CDATA[2346]]>
              </value>
            </param>
          </params>
          <reporter-output>
          </reporter-output>
        </test-method> <!-- deleteBook -->
        <test-method signature="deleteBook(java.lang.String,java.lang.String)[pri:0, instance:files.DynamicJson@f6efaab]" started-at="2026-02-02T15:01:47 IST" name="deleteBook" data-provider="Booksdata" finished-at="2026-02-02T15:01:47 IST" duration-ms="232" status="PASS">
          <params>
            <param index="0">
              <value>
                <![CDATA[tesh]]>
              </value>
            </param>
            <param index="1">
              <value>
                <![CDATA[8995]]>
              </value>
            </param>
          </params>
          <reporter-output>
          </reporter-output>
        </test-method> <!-- deleteBook -->
        <test-method signature="deleteBook(java.lang.String,java.lang.String)[pri:0, instance:files.DynamicJson@f6efaab]" started-at="2026-02-02T15:01:47 IST" name="deleteBook" data-provider="Booksdata" finished-at="2026-02-02T15:01:47 IST" duration-ms="241" status="PASS">
          <params>
            <param index="0">
              <value>
                <![CDATA[hh77k]]>
              </value>
            </param>
            <param index="1">
              <value>
                <![CDATA[97607]]>
              </value>
            </param>
          </params>
          <reporter-output>
          </reporter-output>
        </test-method> <!-- deleteBook -->
      </class> <!-- files.DynamicJson -->
    </test> <!-- Default test -->
  </suite> <!-- Default suite -->
</testng-results>
