<?xml version="1.0" encoding="UTF-8"?>
<!-- Generated by org.testng.reporters.JUnitReportReporter -->
<testsuite hostname="DESKTOP-97OTT1C" failures="0" tests="6" name="files.DynamicJson" time="3.818" errors="0" timestamp="2026-02-03T11:12:49 IST" skipped="0">
  <testcase classname="files.DynamicJson" name="deleteBook" time="0.243"/>
  <testcase classname="files.DynamicJson" name="addBook" time="0.346"/>
  <testcase classname="files.DynamicJson" name="addBook" time="2.196"/>
  <testcase classname="files.DynamicJson" name="addBook" time="0.532"/>
  <testcase classname="files.DynamicJson" name="deleteBook" time="0.232"/>
  <testcase classname="files.DynamicJson" name="deleteBook" time="0.269"/>
</testsuite> <!-- files.DynamicJson -->
